1533735280775	geckodriver	INFO	Listening on 127.0.0.1:51699
1533735519638	geckodriver	INFO	Listening on 127.0.0.1:64558
1533735522541	mozprofile::profile	INFO	Using profile path C:1533735523830	mozprofile::profile	INFO	Using profile path C:\Users\pkiop\AppData\Local\Temp\rust_mozprofile.Ik82pwRjwy66
1533735523849	geckodriver::marionette	INFO	Starting browser C:\Program Files\Mozilla Firefoxirefox.exe
1533735524890	geckodriver	INFO	Listening on 127.0.0.1:64579
1533735527809	mozprofile::profile	INFO	Using profile path C:\Users\pkiop\AppData\Local\Temp\rust_mozprofile.L4wzyJQAHNuo
1533735527824	geckodriver::marionette	INFO	Starting browser C:\Program Files\Mozilla Firefox\firefox.exe
1533735527841	geckodriver::marionette	INFO	Connecting to Marionette on localhost:64588
Unable to read VR Path Registry from C:\Users\pkiop\AppData\Local\openvr\openvrpaths.vrpath
Unable to read VR Path Registry from C:\Users\pkiop\AppData\Local\openvr\openvrpaths.vrpath
Unable to read VR Path Registry from C:\Users\pkiop\AppData\Local\openvr\openvrpaths.vrpath
Unable to read VR Path Registry from C:\Users\pkiop\AppData\Local\openvr\openvrpaths.vrpath
Unable to read VR Path Registry from C:\Users\pkiop\AppData\Local\openvr\openvrpaths.vrpath
1533735531311	Marionette	INFO	Listening on port 2828
[Parent 8132, Gecko_IOThread] WARNING: pipe error: 109: file z:/build/build/src/ipc/chromium/src/chrome/common/ipc_channel_win.cc, line 346
[Parent 8132, Gecko_IOThread] WARNING: pipe error: 109: file z:/build/build/src/ipc/chromium/src/chrome/common/ipc_channel_win.cc, line 346
[Child 11308, Chrome_ChildThread] WARNING: pipe error: 109: file z:/build/build/src/ipc/chromium/src/chrome/common/ipc_channel_win.cc, line 346[
Child 7304, Chrome_ChildThread] WARNING: [pCipe error: 109: file z:/build/build/src/ipc/chromium/src/chrome/common/ipc_channel_win.cc, line 346
[Child 7304, Chrome_ChildThread] WARNING: pipe error: 109: fi[Parent 8132, Gecko_IOThread] WARNING: pipe error: 109: file z:/build/build/src/ipc/chromium/src/chrome/common/ipc_channel_win.cc, line 346
[Child 8756, Chrome_ChildThread] WARNING: pipe error: 109: file z:/build/build/src/ipc/chromium/src/chrome/common/ipc_channel_win.cc, line 346
[Chil*** UTM:SVC TimerManager:reg[Parent 15416, Gecko_IOThread] WARNING: pipe error: 109: file z:/build/build/src/ipc/chromium/src/chrome/common/ipc_channel_win.cc, line 346
[Child 18328, Chrome_ChildThread] WARNING: pipe error: 109: file[ Czh:i/lbdu i8l8d0/build/src8/,i pCch/rcohme_ChildThreromiaudm]/ sWrAcR/NcIhNrGo:m ep/icpoem meornr/oirp:c_channel_win .1c0c9,:  line 346
file[Child  1z:/build/build/src/ipc/chromium/src/chrome/common/ipc_channel_win.cc, line 346
[Ch[Parent 15416, Gecko_IOThread] WARNING: pipe error: 109: file z:/build/build/src/ipc/chromium/src/chrome/common/ipc_channel_win.cc, line 346
[Child 16376, Chrome_ChildThread] WARNING: pipe error: 109: file z:/build/build/src/ipc/chromium/src/chrome/common/ipc_channel_win.cc, line 346
[Child 16*** UTM:SVC TimerManager:registerTimer called after profile-before-change notification. Ignoring timer registration for id: telemetry_modules_ping

###!!! [Child][MessageChannel::SendAndWait] Error: Channel error: cannot send/recv


KLIB_SelfTest return : KLR_OK
1533735606062	geckodriver	INFO	Listening on 127.0.0.1:55597
1533735609016	mozprofile::profile	INFO	Using profile path C:\Users\pkiop\AppData\Local\Temp\rust_mozprofile.Cfmyb2Bx3khI
1533735609031	geckodriver::marionette	INFO	Starting browser C:/Program Files/Mozilla Firefox/firefox.exe
1533735609055	geckodriver::marionette	INFO	Connecting to Marionette on localhost:55613
Unable to read VR Path Registry from C:\Users\pkiop\AppData\Local\openvr\openvrpaths.vrpath
Unable to read VR Path Registry from C:\Users\pkiop\AppData\Local\openvr\openvrpaths.vrpath
Unable to read VR Path Registry from C:\Users\pkiop\AppData\Local\openvr\openvrpaths.vrpath
Unable to read VR Path Registry from C:\Users\pkiop\AppData\Local\openvr\openvrpaths.vrpath
Unable to read VR Path Registry from C:\Users\pkiop\AppData\Local\openvr\openvrpaths.vrpath
1533735612605	Marionette	INFO	Listening on port 2828
[Parent 7992, Gecko_IOThread] WARNING: pipe error: 109: file z:/build/build/src/ipc/chromium/src/chrome/common/ipc_channel_win.cc, line 346
[Child 16400, Chrome_ChildThread] WARNING: pipe error: 109: file z:/build/build/src/ipc/chromium/src/chrome/common/ipc_channel_win.cc, line 346
[Child 16400, Chrome_ChildThre[Child 15004, Chrome_ChildThread] WARNING: pipe error: 109: file z:/build/build/src/ipc/chromium/src/chrome/common/ipc_channel_win.cc, line 346
[Child 15004, Ch[Parent 7992, Gecko_IOThread] WARNING: pipe error: 109: file z:/build/build/src/ipc/chromium/src/chrome/common/ipc_channel_win.cc, line 346
[Child 9636, Chrome_ChildThread] WARNING: pipe error: 109: file z:/build/build/src/ipc/chromium/src/chrome/common/ipc_channel_win.cc, line 346
[Child *** UTM:SVC TimerManager:registerTimer called after profile-before-change notification. Ignoring timer registration for id: telemetry_modules_ping

###!!! [Child][MessageChannel::SendAndWait] Error: Channel error: cannot send/recv


KLIB_SelfTest return : KLR_OK
1533735654588	geckodriver	INFO	Listening on 127.0.0.1:49344
1533735657525	mozprofile::profile	INFO	Using profile path C:\Users\pkiop\AppData\Local\Temp\rust_mozprofile.yD6aFakeA1mO
1533735657540	geckodriver::marionette	INFO	Starting browser C:/Program Files/Mozilla Firefox/firefox.exe
1533735657557	geckodriver::marionette	INFO	Connecting to Marionette on localhost:49364
Unable to read VR Path Registry from C:\Users\pkiop\AppData\Local\openvr\openvrpaths.vrpath
Unable to read VR Path Registry from C:\Users\pkiop\AppData\Local\openvr\openvrpaths.vrpath
Unable to read VR Path Registry from C:\Users\pkiop\AppData\Local\openvr\openvrpaths.vrpath
Unable to read VR Path Registry from C:\Users\pkiop\AppData\Local\openvr\openvrpaths.vrpath
Unable to read VR Path Registry from C:\Users\pkiop\AppData\Local\openvr\openvrpaths.vrpath
1533735660582	Marionette	INFO	Listening on port 2828
[Parent 15812, Gecko_IOThread] WARNING: pipe error: 109: file z:/build/build/src/ipc/chromium/src/chrome/common/ipc_channel_win.cc, line 346
[Parent 15812, Gecko_IOThread] WARNING: pipe error: 109: file z:/build/build/src/ipc/chromium/src/chrome/common/ipc_channel_win.cc, line 346
[Child 7016, Chrome_ChildThread] WARNING: pipe error: 109: file z:/build/build[Child 4212, Chrome_ChildThread] WARNING: pipe error: 109: file /zs:r/build/buicld//isprcc//cihprco/mcihurmo/msiruc/chrome/common/ipc_channel_win.cc, line 346
m/src/chrome/co[mChimlodn/ipc_ c7h016, Chrome_aChildThread] WARNING: pipe erronnel_win.cc, line 346
[Child 4212, Chrome_ChildThread] WARNING: pipe error: 109: fi[Parent 15812, Gecko_IOThread] WARNING: pipe error: 109: file z:/build/build/src/ipc/chromium/src/chrome/common/ipc_channel_win.cc, line 346
[*** UTM:SVC TimerManager:registerTimer called after profile-before-change notification. Ignoring timer registration for id: telemetry_modules_ping
[GPU 4248, Chrome_Chil
###!!! [Child][MessageChannel::SendAndWait] Error: Channel error: cannot send/recv


KLIB_SelfTest return : KLR_OK
1533735755976	geckodriver	INFO	Listening on 127.0.0.1:65177
1533735758929	mozprofile::profile	INFO	Using profile path C:\Users\pkiop\AppData\Local\Temp\rust_mozprofile.Z3EGRU8TKI5L
1533735758944	geckodriver::marionette	INFO	Starting browser C:/Program Files/Mozilla Firefox/firefox.exe
1533735758963	geckodriver::marionette	INFO	Connecting to Marionette on localhost:65199
Unable to read VR Path Registry from C:\Users\pkiop\AppData\Local\openvr\openvrpaths.vrpath
Unable to read VR Path Registry from C:\Users\pkiop\AppData\Local\openvr\openvrpaths.vrpath
Unable to read VR Path Registry from C:\Users\pkiop\AppData\Local\openvr\openvrpaths.vrpath
Unable to read VR Path Registry from C:\Users\pkiop\AppData\Local\openvr\openvrpaths.vrpath
Unable to read VR Path Registry from C:\Users\pkiop\AppData\Local\openvr\openvrpaths.vrpath
1533735762113	Marionette	INFO	Listening on port 2828
[Parent 5376, Gecko_IOThread] WARNING: pipe error: 109: file z:/build/build/src/ipc/chromium/src/chrome/common/ipc_channel_win.cc, line 346
[Parent 5376, Gecko_IOThread] WARNING: pipe error: 109: file z:/build/build/src/ipc/chromium/src/chrome/common/ipc_channel_win.cc, line 346
[Parent 5376, Gecko_IOThread] WARNING: pipe error: 109: file z:/build/build/src/ipc/chromium/src/chrome/common/ipc_channel_win.cc, line 346
[Child 13580, Chrome_ChildThread] WARNING: pipe error: 109: file z:/build/build/src/ipc/chromium/src/chrome/common/ipc_channel_win.cc, line 346
[Chi*** UTM:SVC TimerManager:registerTimer called after profile-before-change notification. Ignoring timer registration for id: telemetry_modules_ping
[GPU 9060
###!!! [Child][MessageChannel::SendAndWait] Error: Channel error: cannot send/recv


KLIB_SelfTest return : KLR_OK
1533735818612	geckodriver	INFO	Listening on 127.0.0.1:49204
1533735821547	mozprofile::profile	INFO	Using profile path C:\Users\pkiop\AppData\Local\Temp\rust_mozprofile.kA5c6s76zuun
1533735821565	geckodriver::marionette	INFO	Starting browser C:/Program Files/Mozilla Firefox/firefox.exe
1533735821583	geckodriver::marionette	INFO	Connecting to Marionette on localhost:49229
Unable to read VR Path Registry from C:\Users\pkiop\AppData\Local\openvr\openvrpaths.vrpath
Unable to read VR Path Registry from C:\Users\pkiop\AppData\Local\openvr\openvrpaths.vrpath
Unable to read VR Path Registry from C:\Users\pkiop\AppData\Local\openvr\openvrpaths.vrpath
Unable to read VR Path Registry from C:\Users\pkiop\AppData\Local\openvr\openvrpaths.vrpath
Unable to read VR Path Registry from C:\Users\pkiop\AppData\Local\openvr\openvrpaths.vrpath
1533735824590	Marionette	INFO	Listening on port 2828
[Parent 8176, Gecko_IOThread] WARNING: pipe error: 109: file z:/build/build/src/ipc/chromium/src/chrome/common/ipc_channel_win.cc, line 346
[Parent 8176, Gecko_IOThread] WARNING: pipe error: 109: file z:/build/build/src/ipc/chromium/src/chrome/common/ipc_channel_win.cc, line 346
[Child 15144, Chrome_ChildThread] WARNING: pipe error: 109: fil[Child 13500e, Chrome_Ch z:/build/ibludiTlhdr/esarc/di]pc/chromium/src/chrome/com mWARNIoNnG/:ipc_cha npnipee l_win.cc, line 3err4o6r
: 109:[Child  1f5i1l4e4 z:/buil,d/buil dC/hsrrocm/ei_pc/chromium/src/chrome/common/ipc_channel_win.cc, line 346
[Child[Parent 8176, Gecko_IOThread] WARNING: pipe error: 109: file z:/build/build/src/ipc/chromium/src/chrome/common/ipc_channel_win.cc, line 346
[Child 16348, Chrome_ChildThread] WARNING: pipe error: 109: file z:/build/build/src/ipc/chromium/src/chrome/common/ipc_channel_win.cc, line 346
[Child*** UTM:SVC TimerManager:registerTimer called after profile-before-change notification. Ignoring timer registration for id: telemetry_modules_ping
[GPU 17344, Chrome
###!!! [Child][MessageChannel::SendAndWait] Error: Channel error: cannot send/recv


KLIB_SelfTest return : KLR_OK
1533735830900	geckodriver	INFO	Listening on 127.0.0.1:49315
1533735833820	mozprofile::profile	INFO	Using profile path C:\Users\pkiop\AppData\Local\Temp\rust_mozprofile.a3kVQnlZuUZD
1533735833836	geckodriver::marionette	INFO	Starting browser C:/Program Files/Mozilla Firefox/firefox.exe
1533735833855	geckodriver::marionette	INFO	Connecting to Marionette on localhost:49348
Unable to read VR Path Registry from C:\Users\pkiop\AppData\Local\openvr\openvrpaths.vrpath
Unable to read VR Path Registry from C:\Users\pkiop\AppData\Local\openvr\openvrpaths.vrpath
Unable to read VR Path Registry from C:\Users\pkiop\AppData\Local\openvr\openvrpaths.vrpath
Unable to read VR Path Registry from C:\Users\pkiop\AppData\Local\openvr\openvrpaths.vrpath
Unable to read VR Path Registry from C:\Users\pkiop\AppData\Local\openvr\openvrpaths.vrpath
1533735836874	Marionette	INFO	Listening on port 2828
[Parent 10980, Gecko_IOThread] WARNING: pipe error: 109: file z:/build/build/src/ipc/chromium/src/chrome/common/ipc_channel_win.cc, line 346
[Child 15972, Chrome_ChildThread] WARNING: pipe error: 109: file z:/build/build/src/ipc/chromium/src/chrome/common/ipc_channel_win.cc, line 346
[Chi[Parent 10980, Gecko_IOThread] WARNING: pipe error: 109: file z:/build/build/src/ipc/chromium/src/chrome/common/ipc_channel_win.cc, line 346
[Child 9304, Chrome_ChildThread] WARNING: pipe error: 109: file z:/build/build/src/ipc/chromium/src/chrome/common/ipc_channel_win.cc, line 346
[Child*** UTM:SVC TimerManager:registerTimer called after profile-before-change notification. Ignoring timer registration for id: telemetry_modules_ping
[GPU 13700, Chr
###!!! [Child][MessageChannel::SendAndWait] Error: Channel error: cannot send/recv


KLIB_SelfTest return : KLR_OK
1533735856581	geckodriver	INFO	Listening on 127.0.0.1:49556
1533735859543	mozprofile::profile	INFO	Using profile path C:\Users\pkiop\AppData\Local\Temp\rust_mozprofile.p6W32n1D2JoX
1533735859558	geckodriver::marionette	INFO	Starting browser C:\Program Files\Mozilla Firefox\firefox.exe
1533735859576	geckodriver::marionette	INFO	Connecting to Marionette on localhost:49587
Unable to read VR Path Registry from C:\Users\pkiop\AppData\Local\openvr\openvrpaths.vrpath
Unable to read VR Path Registry from C:\Users\pkiop\AppData\Local\openvr\openvrpaths.vrpath
Unable to read VR Path Registry from C:\Users\pkiop\AppData\Local\openvr\openvrpaths.vrpath
Unable to read VR Path Registry from C:\Users\pkiop\AppData\Local\openvr\openvrpaths.vrpath
Unable to read VR Path Registry from C:\Users\pkiop\AppData\Local\openvr\openvrpaths.vrpath
1533735862995	Marionette	INFO	Listening on port 2828
[Child 7444, Chrome_ChildThread] WARNING: pipe error: 109: file[Child 1984, Chrome_ Chizl:d/Tbhurieladd/build/src/ip] WARNINcG/:chromium/src/chrome/common/ip cp_icphea nenrerlo_rw:in.cc, line 346 
109: fil[e z:/build/build/src/ipc/chromium/src/chrome/common/ipc_channel_win.cc, line 346
[Chi[Parent 11948, Gecko_IOThread] WARNING: pipe error: 109: file z:/build/build/src/ipc/chromium/src/chrome/common/ipc_channel_win.cc, line 346
[Child 1276, Chrome_ChildThread] WARNING: pipe error: 109: file z:/build/build/src/ipc/chromium/src/chrome/common/ipc_channel_win.cc, line 346
[Child *** UTM:SVC TimerManager:registerTimer called after profile-before-change notification. Ignoring timer registration for id: telemetry_modules_ping
[GPU 1448
###!!! [Child][MessageChannel::SendAndWait] Error: Channel error: cannot send/recv


KLIB_SelfTest return : KLR_OK
1533735873314	geckodriver	INFO	Listening on 127.0.0.1:64675
1533735876244	mozprofile::profile	INFO	Using profile path C:\Users\pkiop\AppData\Local\Temp\rust_mozprofile.C1izEseN0xre
1533735876260	geckodriver::marionette	INFO	Starting browser C:\Program Files\Mozilla Firefox\firefox.exe
1533735876278	geckodriver::marionette	INFO	Connecting to Marionette on localhost:64710
Unable to read VR Path Registry from C:\Users\pkiop\AppData\Local\openvr\openvrpaths.vrpath
Unable to read VR Path Registry from C:\Users\pkiop\AppData\Local\openvr\openvrpaths.vrpath
Unable to read VR Path Registry from C:\Users\pkiop\AppData\Local\openvr\openvrpaths.vrpath
Unable to read VR Path Registry from C:\Users\pkiop\AppData\Local\openvr\openvrpaths.vrpath
Unable to read VR Path Registry from C:\Users\pkiop\AppData\Local\openvr\openvrpaths.vrpath
1533735879341	Marionette	INFO	Listening on port 2828
[Parent 19136, Gecko_IOThread] WARNING: pipe error: 109: file z:/build/build/src/ipc/chromium/src/chrome/common/ipc_channel_win.cc, line 346
[Child 14764, Chrome_ChildThread] WARNING: pipe error: 109: file z:/build/build/src/ipc/chromium/src/chrome/common/ipc_channel_win.cc, line 346
[Child 14764,[Parent 19136, Gecko_IOThread] WARNING: pipe error: 109: file z:/build/build/src/ipc/chromium/src/chrome/common/ipc_channel_win.cc, line 346
[Child 16668, Chrome_ChildThread] WARNING: pipe error: 109: file z:/build/build/src/ipc/chromium/src/chrome/common/ipc_channel_win.cc, line 346
[Child *** UTM:SVC TimerManager:registerTimer called after profile-before-change notification. Ignoring timer registration for id: telemetry_modules_ping
[GPU 17024, Ch
###!!! [Child][MessageChannel::SendAndWait] Error: Channel error: cannot send/recv


KLIB_SelfTest return : KLR_OK
1533735933234	geckodriver	INFO	Listening on 127.0.0.1:65330
1533735936171	mozprofile::profile	INFO	Using profile path C:\Users\pkiop\AppData\Local\Temp\rust_mozprofile.ZAc6UXv9Qp5Z
1533735936186	geckodriver::marionette	INFO	Starting browser C:\Program Files\Mozilla Firefox\firefox.exe
1533735936204	geckodriver::marionette	INFO	Connecting to Marionette on localhost:65368
Unable to read VR Path Registry from C:\Users\pkiop\AppData\Local\openvr\openvrpaths.vrpath
Unable to read VR Path Registry from C:\Users\pkiop\AppData\Local\openvr\openvrpaths.vrpath
Unable to read VR Path Registry from C:\Users\pkiop\AppData\Local\openvr\openvrpaths.vrpath
Unable to read VR Path Registry from C:\Users\pkiop\AppData\Local\openvr\openvrpaths.vrpath
Unable to read VR Path Registry from C:\Users\pkiop\AppData\Local\openvr\openvrpaths.vrpath
1533735939093	Marionette	INFO	Listening on port 2828
[Parent 7768, Gecko_IOThread] WARNING: pipe error: 109: file z:/build/build/src/ipc/chromium/src/chrome/common/ipc_channel_win.cc, line 346
[Parent 7768, Gecko_IOThread] WARNING: pipe error: 109: file z:/build/build/src/ipc/chromium/src/chrome/common/ipc_channel_win.cc, line 346
[Child 16388, Chrome_ChildThread] WARNING: pipe error: 109: file z:/build/build/src/ipc/chromium/src/chrome/common/ipc_channel_win.cc, line 346
[Child 10880, C[hChildrome_ChildThread] WARNING: pipe error: 109: file z:/build/build/src/ipc/chromium/src/chrome/common/ipc_channel_win.cc, line 346
[Child 10880, C[Parent 7768, Gecko_IOThread] WARNING: pipe error: 109: file z:/build/build/src/ipc/chromium/src/chrome/common/ipc_channel_win.cc, line 346
[Child 8096, Chrome_ChildThread] WARNING: pipe error: 109: file z:/build/build/src/ipc/chromium/src/chrome/common/ipc_channel_win.cc, line 346
[Child *** UTM:SVC TimerManager:registerTimer called after profile-before-change notification. Ignoring timer registration for id: telemetry_modules_ping
[GPU 18208, Chro
###!!! [Child][MessageChannel::SendAndWait] Error: Channel error: cannot send/recv


KLIB_SelfTest return : KLR_OK
1533735974504	geckodriver	INFO	Listening on 127.0.0.1:49440
1533735977450	mozprofile::profile	INFO	Using profile path C:\Users\pkiop\AppData\Local\Temp\rust_mozprofile.LCyFutQZMtgU
1533735977464	geckodriver::marionette	INFO	Starting browser C:\Program Files\Mozilla Firefox\firefox.exe
1533735977485	geckodriver::marionette	INFO	Connecting to Marionette on localhost:49481
Unable to read VR Path Registry from C:\Users\pkiop\AppData\Local\openvr\openvrpaths.vrpath
Unable to read VR Path Registry from C:\Users\pkiop\AppData\Local\openvr\openvrpaths.vrpath
Unable to read VR Path Registry from C:\Users\pkiop\AppData\Local\openvr\openvrpaths.vrpath
Unable to read VR Path Registry from C:\Users\pkiop\AppData\Local\openvr\openvrpaths.vrpath
Unable to read VR Path Registry from C:\Users\pkiop\AppData\Local\openvr\openvrpaths.vrpath
1533735981048	Marionette	INFO	Listening on port 2828
[Parent 7004, Gecko_IOThread] WARNING: pipe error: 109: file z:/build/build/src/ipc/chromium/src/chrome/common/ipc_channel_win.cc, line 346
[Parent 7004, Gecko_IOThread] WARNING: pipe error: 109: file z:/build/build/src/ipc/chromium/src/chrome/common/ipc_channel_win.cc, line 346
[Child 16788, Chrome_ChildThread] WARNING: pipe error: 109: file z:/build/build/src/ipc/chromium/src/chrome/common/ipc_channel_win.cc, line 346
[Chi[Parent 7004, Gecko_IOThread] WARNING: pipe error: 109: file z:/build/build/src/ipc/chromium/src/chrome/common/ipc_channel_win.cc, line 346
[Child 2720, Chrome_ChildThread] WARNING: pipe error: 109: file z:/build/build/src/ipc/chromium/src/chrome/common/ipc_channel_win.cc, line 346
[Chil*** UTM:SVC TimerManager:registerTimer called after profile-before-change notification. Ignoring timer registration for id: telemetry_modules_ping
[GPU 9084, Chrome_C
###!!! [Child][MessageChannel::SendAndWait] Error: Channel error: cannot send/recv


KLIB_SelfTest return : KLR_OK
1533736037165	geckodriver	INFO	Listening on 127.0.0.1:64948
1533736040114	mozprofile::profile	INFO	Using profile path C:\Users\pkiop\AppData\Local\Temp\rust_mozprofile.4SH9Xmy0nzf8
1533736040130	geckodriver::marionette	INFO	Starting browser C:\Program Files\Mozilla Firefox\firefox.exe
1533736040148	geckodriver::marionette	INFO	Connecting to Marionette on localhost:64989
Unable to read VR Path Registry from C:\Users\pkiop\AppData\Local\openvr\openvrpaths.vrpath
Unable to read VR Path Registry from C:\Users\pkiop\AppData\Local\openvr\openvrpaths.vrpath
Unable to read VR Path Registry from C:\Users\pkiop\AppData\Local\openvr\openvrpaths.vrpath
Unable to read VR Path Registry from C:\Users\pkiop\AppData\Local\openvr\openvrpaths.vrpath
Unable to read VR Path Registry from C:\Users\pkiop\AppData\Local\openvr\openvrpaths.vrpath
1533736043329	Marionette	INFO	Listening on port 2828
[Parent 17744, Gecko_IOThread] WARNING: pipe error: 109: file z:/build/build/src/ipc/chromium/src/chrome/common/ipc_channel_win.cc, line 346
[Parent 17744, Gecko_IOThread] WARNING: pipe error: 109: file z:/build/build/src/ipc/chromium/src/chrome/common/ipc_channel_win.cc, line 346
[Child 9828, Chrome_ChildThread] WARNING: pipe error: 109: file z:/build/build/src/ipc/chromium/src/chrome/common/ipc_chann[el_win.Cchc, line 346
ild 162[Child88, Chrome_ChildThread] WARNING: pipe error: 109: file z:/build/build/src/ipc/chromium/src/chrome/common/ipc_channel_win.cc, line 346
[Child 16288, Chrome_ChildT[Parent 17744, Gecko_IOThread] WARNING: pipe error: 109: file z:/build/build/src/ipc/chromium/src/chrome/common/ipc_channel_win.cc, line 346
[Child 2600, Chrome_ChildThread] WARNING: pipe error: 109: file z:/build/build/src/ipc/chromium/src/chrome/common/ipc_channel_win.cc, line 346
[Child*** UTM:SVC TimerManager:registerTimer called after profile-before-change notification. Ignoring timer registration for id: telemetry_modules_ping
[GPU 18260, Chro
###!!! [Child][MessageChannel::SendAndWait] Error: Channel error: cannot send/recv


KLIB_SelfTest return : KLR_OK
1533736481002	geckodriver	INFO	Listening on 127.0.0.1:49857
1533736483913	mozprofile::profile	INFO	Using profile path C:\Users\pkiop\AppData\Local\Temp\rust_mozprofile.bTMbb5ODuJR0
1533736483928	geckodriver::marionette	INFO	Starting browser C:\Program Files\Mozilla Firefox\firefox.exe
1533736483965	geckodriver::marionette	INFO	Connecting to Marionette on localhost:49865
Unable to read VR Path Registry from C:\Users\pkiop\AppData\Local\openvr\openvrpaths.vrpath
Unable to read VR Path Registry from C:\Users\pkiop\AppData\Local\openvr\openvrpaths.vrpath
Unable to read VR Path Registry from C:\Users\pkiop\AppData\Local\openvr\openvrpaths.vrpath
Unable to read VR Path Registry from C:\Users\pkiop\AppData\Local\openvr\openvrpaths.vrpath
Unable to read VR Path Registry from C:\Users\pkiop\AppData\Local\openvr\openvrpaths.vrpath
1533736487986	Marionette	INFO	Listening on port 2828
[Parent 11364, Gecko_IOThread] WARNING: pipe error: 109: file z:/build/build/src/ipc/chromium/src/chrome/common/ipc_channel_win.cc, line 346
[Parent 11364, Gecko_IOThread] WARNING: pipe error: 109: file z:/build/build/src/ipc/chromium/src/chrome/common/ipc_channel_win.cc, line 346
[Child 11140, Chrome_ChildThread] WARNING: pipe error: 109: file z:/build/build/src/ipc/chromium/src/chrome/common/ipc_channel_win.cc, line 346
[Child 3[8Child28, Chrome_ChildThread] WARNING: pipe error: 109: file z:/build/build/src/ipc/chromium/src/chrome/common/ipc_channel_win.cc, line 346
[Child 3828, Chrome_ChildThread] WARNING: pipe error: 109: fil
###!!! [Child][MessageChannel::SendAndWait] Error: Channel error: cannot send/recv


KLIB_SelfTest return : KLR_OK
1533736982016	geckodriver	INFO	Listening on 127.0.0.1:50496
1533736984857	mozprofile::profile	INFO	Using profile path C:\Users\pkiop\AppData\Local\Temp\rust_mozprofile.4zi95j2Vi1kk
1533736984881	geckodriver::marionette	INFO	Starting browser C:\Program Files\Mozilla Firefox\firefox.exe
1533736984910	geckodriver::marionette	INFO	Connecting to Marionette on localhost:50507
Unable to read VR Path Registry from C:\Users\pkiop\AppData\Local\openvr\openvrpaths.vrpath
Unable to read VR Path Registry from C:\Users\pkiop\AppData\Local\openvr\openvrpaths.vrpath
Unable to read VR Path Registry from C:\Users\pkiop\AppData\Local\openvr\openvrpaths.vrpath
Unable to read VR Path Registry from C:\Users\pkiop\AppData\Local\openvr\openvrpaths.vrpath
Unable to read VR Path Registry from C:\Users\pkiop\AppData\Local\openvr\openvrpaths.vrpath
1533736990725	Marionette	INFO	Listening on port 2828
[Parent 16636, Gecko_IOThread] WARNING: pipe error: 109: file z:/build/build/src/ipc/chromium/src/chrome/common/ipc_channel_win.cc, line 346
[Parent 16636, Gecko_IOThread] WARNING: pipe error: 109: file z:/build/build/src/ipc/chromium/src/chrome/common/ipc_channel_win.cc, line 346
*** UTM:SVC TimerManager:registerTimer called after profile-before-change notification. Ignoring timer registration for id: telemetry_modules_ping
[GPU 5228, Chrome_
###!!! [Child][MessageChannel::SendAndWait] Error: Channel error: cannot send/recv


KLIB_SelfTest return : KLR_OK
1533737089903	geckodriver	INFO	Listening on 127.0.0.1:50750
1533737092787	mozprofile::profile	INFO	Using profile path C:\Users\pkiop\AppData\Local\Temp\rust_mozprofile.vFfxI0MN60vx
1533737092805	geckodriver::marionette	INFO	Starting browser C:\Program Files\Mozilla Firefox\firefox.exe
1533737092836	geckodriver::marionette	INFO	Connecting to Marionette on localhost:50764
Unable to read VR Path Registry from C:\Users\pkiop\AppData\Local\openvr\openvrpaths.vrpath
Unable to read VR Path Registry from C:\Users\pkiop\AppData\Local\openvr\openvrpaths.vrpath
Unable to read VR Path Registry from C:\Users\pkiop\AppData\Local\openvr\openvrpaths.vrpath
Unable to read VR Path Registry from C:\Users\pkiop\AppData\Local\openvr\openvrpaths.vrpath
Unable to read VR Path Registry from C:\Users\pkiop\AppData\Local\openvr\openvrpaths.vrpath
1533737097579	Marionette	INFO	Listening on port 2828
[Parent 17252, Gecko_IOThread] WARNING: pipe error: 109: file z:/build/build/src/ipc/chromium/src/chrome/common/ipc_channel_win.cc, line 346
[Parent 17252, Gecko_IOThread] WARNING: pipe error: 109: file z:/build/build/src/ipc/chromium/src/chrome/common/ipc_channel_win.cc, line 346
[Child 13840, Chrome_ChildThread] WARNING: pipe error: 109: file z:/build/build/src/ipc/chromium/src/chrome/common/ipc_channel_win.cc, line 346
[Child 13840, Chrome_ChildThread] WARNING: pipe error: 109: file z:/build/build/src/ip[Parent 17252, Gecko_IOThread] WARNING: pipe error: 109: file z:/build/build/src/ipc/chromium/src/chrome/common/ipc_channel_win.cc, line 346
[Child 14616, Chrome_ChildThread] WARNING: pipe error: 109: file z:/build/build/src/ipc/chromium/src/chrome/common/ipc_channel_win.cc, line 346
[Chi*** UTM:SVC TimerManager:registerTimer called after profile-before-change notification. Ignoring timer registration for id: telemetry_modules_ping
[GPU 1848, Chrome_ChildThread] WARNING: pipe 
###!!! [Child][MessageChannel::SendAndWait] Error: Channel error: cannot send/recv


KLIB_SelfTest return : KLR_OK
